<?xml version="1.0" encoding="UTF-8" ?>
<testsuite tests="1" failures="1" name="MyGloTest" time="1.628" errors="0" skipped="0">
  <properties>
[...]
</properties>
  <testcase classname="MyGloTest" name="increaseAmountOfItemByPlusButton" time="1.628">
    <failure message="amount is not 5, its 6 expected [5] but found [6]" type="java.lang.AssertionError">java.lang.AssertionError: amount is not 5, its 6 expected [5] but found [6]
	at org.testng.Assert.fail(Assert.java:110)
	at org.testng.Assert.failNotEquals(Assert.java:1413)
	at org.testng.Assert.assertEqualsImpl(Assert.java:149)
	at org.testng.Assert.assertEquals(Assert.java:131)
	at org.testng.Assert.assertEquals(Assert.java:655)
	at MyGloTest.increaseAmountOfItemByPlusButton(MyGloTest.java:41)
</failure>
    <system-out>Configuring TestNG with: org.apache.maven.surefire.testng.conf.TestNG652Configurator@3498ed
</system-out>
    <system-err>SLF4J: Failed to load class &quot;org.slf4j.impl.StaticLoggerBinder&quot;.
SLF4J: Defaulting to no-operation (NOP) logger implementation
SLF4J: See http://www.slf4j.org/codes.html#StaticLoggerBinder for further details.
Starting ChromeDriver 107.0.5304.62 (1eec40d3a5764881c92085aaee66d25075c159aa-refs/branch-heads/5304@{#942}) on port 17853
Only local connections are allowed.
Please see https://chromedriver.chromium.org/security-considerations for suggestions on keeping ChromeDriver safe.
ChromeDriver was started successfully.
</system-err>
  </testcase>
</testsuite>